WARNING: A restricted method in java.lang.System has been called
WARNING: java.lang.System::load has been called by net.rubygrapefruit.platform.internal.NativeLibraryLoader in an unnamed module (file:/Users/bismo/.gradle/wrapper/dists/gradle-7.3.1-bin/b47edjwz5j48avzx8xp2zpcd3/gradle-7.3.1/lib/native-platform-0.22-milestone-21.jar)
WARNING: Use --enable-native-access=ALL-UNNAMED to avoid a warning for callers in this module
WARNING: Restricted methods will be blocked in a future release unless native access is enabled

Configuration on demand is an incubating feature.

> Configure project :gradle
WARNING: Unsupported Kotlin plugin version.
The `embedded-kotlin` and `kotlin-dsl` plugins rely on features of Kotlin `1.5.31` that might work differently than in the requested version `1.9.20`.

> Task :gradle:checkKotlinGradlePluginConfigurationErrors
> Task :gradle:pluginDescriptors UP-TO-DATE
> Task :gradle:processResources UP-TO-DATE

> Task :gradle:compileKotlin
w: Inconsistent JVM-target compatibility detected for tasks 'compileJava' (11) and 'compileKotlin' (1.8).
This will become an error in Gradle 8.0.
Consider using JVM Toolchain: https://kotl.in/gradle/jvm/toolchain
Learn more about JVM-target validation: https://kotl.in/gradle/jvm/target-validation 

w: Language version 1.4 is deprecated and its support will be removed in a future version of Kotlin
e: file:///Users/bismo/development/flutter/packages/flutter_tools/gradle/src/main/kotlin/FlutterPlugin.kt:749:21 Unresolved reference: filePermissions
e: file:///Users/bismo/development/flutter/packages/flutter_tools/gradle/src/main/kotlin/FlutterPlugin.kt:750:25 Unresolved reference: user
e: file:///Users/bismo/development/flutter/packages/flutter_tools/gradle/src/main/kotlin/FlutterPlugin.kt:751:29 Unresolved reference: read
e: file:///Users/bismo/development/flutter/packages/flutter_tools/gradle/src/main/kotlin/FlutterPlugin.kt:752:29 Unresolved reference: write

> Task :gradle:compileKotlin FAILED

FAILURE: Build failed with an exception.

* What went wrong:
Execution failed for task ':gradle:compileKotlin'.
> A failure occurred while executing org.jetbrains.kotlin.compilerRunner.GradleCompilerRunnerWithWorkers$GradleKotlinCompilerWorkAction
   > Compilation error. See log for more details

* Try:
> Run with --stacktrace option to get the stack trace.
> Run with --info or --debug option to get more log output.
> Run with --scan to get full insights.

* Get more help at https://help.gradle.org

BUILD FAILED in 3s
4 actionable tasks: 2 executed, 2 up-to-date
